{
  "RSpec": {
    "coverage": {
      "/Users/william/workspace/tout/healthchecker/lib/healthchecker.rb": [
        1,
        1,
        1,
        1,
        1,
        1,
        1,
        1,
        1,
        null,
        1,
        1,
        null,
        1,
        1,
        null,
        1,
        7,
        null,
        null,
        1,
        2,
        null,
        null,
        1,
        7,
        5,
        null,
        null
      ],
      "/Users/william/workspace/tout/healthchecker/lib/healthchecker/engine.rb": [
        1,
        null,
        1,
        1,
        1,
        null,
        null
      ],
      "/Users/william/workspace/tout/healthchecker/lib/healthchecker/check.rb": [
        1,
        1,
        1,
        null,
        1,
        24,
        null,
        null,
        1,
        null,
        1,
        2,
        null,
        1,
        null,
        null,
        null
      ],
      "/Users/william/workspace/tout/healthchecker/lib/healthchecker/checks/redis.rb": [
        1,
        null,
        1,
        1,
        null,
        1,
        3,
        3,
        2,
        1,
        null,
        null,
        null
      ],
      "/Users/william/workspace/tout/healthchecker/lib/healthchecker/checks/migration.rb": [
        1,
        null,
        1,
        1,
        null,
        1,
        2,
        null,
        null,
        null
      ],
      "/Users/william/workspace/tout/healthchecker/lib/healthchecker/checks/database.rb": [
        1,
        null,
        1,
        1,
        null,
        1,
        2,
        null,
        null,
        null
      ],
      "/Users/william/workspace/tout/healthchecker/lib/healthchecker/checks/cache.rb": [
        1,
        null,
        1,
        1,
        null,
        1,
        2,
        1,
        null,
        null,
        1,
        2,
        null,
        null,
        null
      ],
      "/Users/william/workspace/tout/healthchecker/lib/healthchecker/checks/s3.rb": [
        1,
        null,
        1,
        1,
        null,
        1,
        5,
        null,
        null,
        null,
        1,
        8,
        null,
        null,
        1,
        3,
        3,
        null,
        null,
        null,
        3,
        2,
        null,
        null,
        null,
        null,
        null
      ],
      "/Users/william/workspace/tout/healthchecker/lib/healthchecker/checks/solr.rb": [
        1,
        null,
        1,
        1,
        null,
        1,
        3,
        null,
        null,
        1,
        3,
        2,
        null,
        null,
        null
      ],
      "/Users/william/workspace/tout/healthchecker/lib/healthchecker/checks/dynamodb.rb": [
        1,
        null,
        1,
        1,
        null,
        1,
        2,
        null,
        null,
        1,
        2,
        null,
        null,
        null,
        null
      ],
      "/Users/william/workspace/tout/healthchecker/spec/support/dummy.rb": [
        1
      ],
      "/Users/william/workspace/tout/healthchecker/spec/dummy/config/environment.rb": [
        null,
        1,
        null,
        null,
        1
      ],
      "/Users/william/workspace/tout/healthchecker/spec/dummy/config/application.rb": [
        1,
        null,
        null,
        1,
        1,
        1,
        1,
        1,
        null,
        null,
        1,
        1,
        null,
        1,
        1,
        null,
        null,
        null,
        null,
        null,
        null,
        null,
        null,
        null,
        null,
        null,
        null,
        null,
        null
      ],
      "/Users/william/workspace/tout/healthchecker/spec/dummy/config/boot.rb": [
        null,
        1,
        null,
        1,
        1
      ],
      "/Users/william/workspace/tout/healthchecker/spec/dummy/config/environments/development.rb": [
        1,
        null,
        null,
        null,
        null,
        null,
        1,
        null,
        null,
        1,
        null,
        null,
        1,
        1,
        null,
        null,
        1,
        null,
        null,
        1,
        null,
        null,
        1,
        null,
        null,
        null,
        null,
        1,
        null,
        null,
        null,
        null,
        1,
        null,
        null,
        null,
        null
      ],
      "/Users/william/workspace/tout/healthchecker/spec/dummy/config/initializers/assets.rb": [
        null,
        null,
        null,
        1,
        null,
        null,
        null,
        null
      ],
      "/Users/william/workspace/tout/healthchecker/spec/dummy/config/initializers/backtrace_silencers.rb": [
        null,
        null,
        null,
        null,
        null,
        null,
        null
      ],
      "/Users/william/workspace/tout/healthchecker/spec/dummy/config/initializers/cookies_serializer.rb": [
        null,
        null,
        1
      ],
      "/Users/william/workspace/tout/healthchecker/spec/dummy/config/initializers/filter_parameter_logging.rb": [
        null,
        null,
        null,
        1
      ],
      "/Users/william/workspace/tout/healthchecker/spec/dummy/config/initializers/inflections.rb": [
        null,
        null,
        null,
        null,
        null,
        null,
        null,
        null,
        null,
        null,
        null,
        null,
        null,
        null,
        null,
        null
      ],
      "/Users/william/workspace/tout/healthchecker/spec/dummy/config/initializers/mime_types.rb": [
        null,
        null,
        null,
        null
      ],
      "/Users/william/workspace/tout/healthchecker/spec/dummy/config/initializers/session_store.rb": [
        null,
        null,
        1
      ],
      "/Users/william/workspace/tout/healthchecker/spec/dummy/config/initializers/wrap_parameters.rb": [
        null,
        null,
        null,
        null,
        null,
        null,
        1,
        null,
        null,
        null,
        null,
        null
      ],
      "/Users/william/workspace/tout/healthchecker/spec/dummy/config/routes.rb": [
        1,
        null,
        1,
        null
      ],
      "/Users/william/workspace/tout/healthchecker/config/routes.rb": [
        1,
        null,
        1,
        1,
        null
      ],
      "/Users/william/workspace/tout/healthchecker/spec/healthchecker/checks/database_spec.rb": [
        1,
        null,
        1,
        3,
        1,
        null,
        1,
        3,
        null,
        1,
        null,
        1,
        2,
        null,
        null,
        null,
        1,
        1,
        1,
        null,
        null,
        null,
        1,
        2,
        null,
        null,
        null,
        null,
        null
      ],
      "/Users/william/workspace/tout/healthchecker/spec/healthchecker/checks/dynamodb_spec.rb": [
        1,
        null,
        1,
        3,
        3,
        null,
        1,
        3,
        null,
        1,
        null,
        1,
        2,
        null,
        null,
        null,
        1,
        1,
        1,
        null,
        null,
        1,
        2,
        null,
        null,
        null,
        null,
        null
      ],
      "/Users/william/workspace/tout/healthchecker/spec/healthchecker/checks/migration_spec.rb": [
        1,
        null,
        1,
        3,
        1,
        null,
        1,
        3,
        null,
        1,
        null,
        1,
        2,
        null,
        null,
        null,
        1,
        1,
        1,
        null,
        null,
        null,
        1,
        2,
        null,
        null,
        null,
        null,
        null
      ],
      "/Users/william/workspace/tout/healthchecker/spec/healthchecker/checks/redis_spec.rb": [
        1,
        null,
        1,
        4,
        4,
        1,
        null,
        1,
        4,
        null,
        1,
        null,
        1,
        2,
        null,
        null,
        null,
        1,
        1,
        1,
        1,
        null,
        null,
        1,
        2,
        null,
        null,
        null,
        1,
        1,
        1,
        null,
        null,
        1,
        2,
        null,
        null,
        null,
        null,
        null,
        null
      ],
      "/Users/william/workspace/tout/healthchecker/spec/healthchecker/checks/s3_spec.rb": [
        1,
        null,
        1,
        3,
        3,
        1,
        null,
        1,
        3,
        null,
        1,
        1,
        null,
        null,
        null,
        null,
        null,
        null,
        1,
        null,
        null,
        1,
        2,
        null,
        null,
        null,
        1,
        1,
        null,
        null,
        null,
        null,
        1,
        null,
        null,
        1,
        2,
        null,
        null,
        null,
        null,
        null
      ],
      "/Users/william/workspace/tout/healthchecker/spec/healthchecker/checks/solr_spec.rb": [
        1,
        null,
        1,
        4,
        4,
        3,
        4,
        1,
        null,
        1,
        4,
        null,
        1,
        null,
        1,
        2,
        null,
        null,
        null,
        1,
        1,
        2,
        null,
        1,
        2,
        null,
        null,
        null,
        1,
        1,
        1,
        null,
        null,
        1,
        2,
        null,
        null,
        null,
        null,
        null,
        null
      ],
      "/Users/william/workspace/tout/healthchecker/spec/healthchecker_spec.rb": [
        1,
        null,
        1,
        1,
        null,
        null,
        null,
        1,
        null,
        1,
        8,
        8,
        null,
        1,
        7,
        null,
        null,
        1,
        7,
        null,
        null,
        1,
        5,
        10,
        5,
        5,
        5,
        null,
        null,
        null,
        null,
        1,
        3,
        null,
        1,
        1,
        1,
        null,
        null,
        1,
        1,
        1,
        null,
        null,
        null,
        null,
        1,
        3,
        3,
        null,
        3,
        null,
        1,
        1,
        1,
        null,
        null,
        1,
        1,
        1,
        null,
        null,
        1,
        1,
        1,
        1,
        null,
        null,
        null,
        null,
        null
      ]
    },
    "timestamp": 1500946963
  }
}
